This is pdfTeX, Version 3.14159265-2.6-1.40.18 (TeX Live 2017/Debian) (preloaded format=pdflatex 2019.3.2)  8 JUL 2020 20:14
entering extended mode
 restricted \write18 enabled.
 %&-line parsing enabled.
**awkward-state-machines.tex
(./awkward-state-machines.tex
LaTeX2e <2017-04-15>
Babel <3.18> and hyphenation patterns for 84 language(s) loaded.
(/usr/share/texlive/texmf-dist/tex/latex/base/article.cls
Document Class: article 2014/09/29 v1.4h Standard LaTeX document class
(/usr/share/texlive/texmf-dist/tex/latex/base/size12.clo
File: size12.clo 2014/09/29 v1.4h Standard LaTeX file (size option)
)
\c@part=\count79
\c@section=\count80
\c@subsection=\count81
\c@subsubsection=\count82
\c@paragraph=\count83
\c@subparagraph=\count84
\c@figure=\count85
\c@table=\count86
\abovecaptionskip=\skip41
\belowcaptionskip=\skip42
\bibindent=\dimen102
)
(/usr/share/texlive/texmf-dist/tex/latex/amsfonts/amsfonts.sty
Package: amsfonts 2013/01/14 v3.01 Basic AMSFonts support
\@emptytoks=\toks14
\symAMSa=\mathgroup4
\symAMSb=\mathgroup5
LaTeX Font Info:    Overwriting math alphabet `\mathfrak' in version `bold'
(Font)                  U/euf/m/n --> U/euf/b/n on input line 106.
)
(./awkward-state-machines.aux)
\openout1 = `awkward-state-machines.aux'.

LaTeX Font Info:    Checking defaults for OML/cmm/m/it on input line 3.
LaTeX Font Info:    ... okay on input line 3.
LaTeX Font Info:    Checking defaults for T1/cmr/m/n on input line 3.
LaTeX Font Info:    ... okay on input line 3.
LaTeX Font Info:    Checking defaults for OT1/cmr/m/n on input line 3.
LaTeX Font Info:    ... okay on input line 3.
LaTeX Font Info:    Checking defaults for OMS/cmsy/m/n on input line 3.
LaTeX Font Info:    ... okay on input line 3.
LaTeX Font Info:    Checking defaults for OMX/cmex/m/n on input line 3.
LaTeX Font Info:    ... okay on input line 3.
LaTeX Font Info:    Checking defaults for U/cmr/m/n on input line 3.
LaTeX Font Info:    ... okay on input line 3.
LaTeX Font Info:    Try loading font information for U+msa on input line 7.

(/usr/share/texlive/texmf-dist/tex/latex/amsfonts/umsa.fd
File: umsa.fd 2013/01/14 v3.01 AMS symbols A
)
LaTeX Font Info:    Try loading font information for U+msb on input line 7.

(/usr/share/texlive/texmf-dist/tex/latex/amsfonts/umsb.fd
File: umsb.fd 2013/01/14 v3.01 AMS symbols B
) [1

{/var/lib/texmf/fonts/map/pdftex/updmap/pdftex.map}] [2]
Underfull \hbox (badness 10000) in paragraph at lines 39--45

 []


Underfull \hbox (badness 10000) in paragraph at lines 39--45

 []


Underfull \hbox (badness 10000) in paragraph at lines 39--45

 []

[3]
Underfull \hbox (badness 10000) in paragraph at lines 46--63

 []


Underfull \hbox (badness 10000) in paragraph at lines 46--63

 []


Underfull \hbox (badness 10000) in paragraph at lines 46--63

 []


Underfull \hbox (badness 10000) in paragraph at lines 46--63

 []


Underfull \hbox (badness 10000) in paragraph at lines 46--63

 []


Underfull \hbox (badness 10000) in paragraph at lines 46--63

 []


Underfull \hbox (badness 10000) in paragraph at lines 46--63

 []


Underfull \hbox (badness 10000) in paragraph at lines 46--63

 []


Underfull \hbox (badness 10000) in paragraph at lines 64--119

 []


Underfull \hbox (badness 10000) in paragraph at lines 64--119

 []


Underfull \hbox (badness 10000) in paragraph at lines 64--119

 []


Underfull \hbox (badness 10000) in paragraph at lines 64--119

 []


Underfull \hbox (badness 10000) in paragraph at lines 64--119

 []


Underfull \hbox (badness 10000) in paragraph at lines 64--119

 []


Underfull \hbox (badness 10000) in paragraph at lines 64--119

 []


Underfull \hbox (badness 10000) in paragraph at lines 64--119

 []


Underfull \hbox (badness 10000) in paragraph at lines 64--119

 []


Underfull \hbox (badness 10000) in paragraph at lines 64--119

 []


Underfull \hbox (badness 10000) in paragraph at lines 64--119

 []


Underfull \hbox (badness 10000) in paragraph at lines 64--119

 []


Underfull \hbox (badness 10000) in paragraph at lines 64--119

 []


Underfull \hbox (badness 10000) in paragraph at lines 64--119

 []


Underfull \hbox (badness 10000) in paragraph at lines 64--119

 []


Underfull \hbox (badness 10000) in paragraph at lines 64--119

 []

[4] [5]
Underfull \hbox (badness 10000) in paragraph at lines 120--169

 []


Underfull \hbox (badness 10000) in paragraph at lines 120--169

 []


Underfull \hbox (badness 10000) in paragraph at lines 120--169

 []


Underfull \hbox (badness 10000) in paragraph at lines 120--169

 []


Underfull \hbox (badness 10000) in paragraph at lines 120--169

 []


Underfull \hbox (badness 10000) in paragraph at lines 120--169

 []


Underfull \hbox (badness 10000) in paragraph at lines 120--169

 []


Underfull \hbox (badness 10000) in paragraph at lines 120--169

 []


Underfull \hbox (badness 10000) in paragraph at lines 120--169

 []


Underfull \hbox (badness 10000) in paragraph at lines 120--169

 []


Underfull \hbox (badness 10000) in paragraph at lines 120--169

 []


Underfull \hbox (badness 10000) in paragraph at lines 120--169

 []


Underfull \hbox (badness 10000) in paragraph at lines 120--169

 []


Underfull \hbox (badness 10000) in paragraph at lines 120--169

 []


Underfull \hbox (badness 10000) in paragraph at lines 120--169

 []


Underfull \hbox (badness 10000) in paragraph at lines 120--169

 []


Underfull \hbox (badness 10000) in paragraph at lines 120--169

 []

[6] [7]
Underfull \hbox (badness 10000) in paragraph at lines 172--211

 []


Underfull \hbox (badness 10000) in paragraph at lines 172--211

 []


Underfull \hbox (badness 10000) in paragraph at lines 172--211

 []


Underfull \hbox (badness 10000) in paragraph at lines 172--211

 []


Underfull \hbox (badness 10000) in paragraph at lines 172--211

 []


Underfull \hbox (badness 10000) in paragraph at lines 172--211

 []


Underfull \hbox (badness 10000) in paragraph at lines 172--211

 []


Underfull \hbox (badness 10000) in paragraph at lines 172--211

 []


Underfull \hbox (badness 10000) in paragraph at lines 172--211

 []


Underfull \hbox (badness 10000) in paragraph at lines 172--211

 []


Underfull \hbox (badness 10000) in paragraph at lines 172--211

 []


Underfull \hbox (badness 10000) in paragraph at lines 172--211

 []


Underfull \hbox (badness 10000) in paragraph at lines 172--211

 []


Underfull \hbox (badness 10000) in paragraph at lines 172--211

 []


Underfull \hbox (badness 10000) in paragraph at lines 172--211

 []

[8] [9]
Underfull \hbox (badness 10000) in paragraph at lines 215--475

 []


Underfull \hbox (badness 10000) in paragraph at lines 215--475

 []


Underfull \hbox (badness 10000) in paragraph at lines 215--475

 []


Underfull \hbox (badness 10000) in paragraph at lines 215--475

 []


Underfull \hbox (badness 10000) in paragraph at lines 215--475

 []


Underfull \hbox (badness 10000) in paragraph at lines 215--475

 []


Underfull \hbox (badness 10000) in paragraph at lines 215--475

 []


Underfull \hbox (badness 10000) in paragraph at lines 215--475

 []


Underfull \hbox (badness 10000) in paragraph at lines 215--475

 []


Underfull \hbox (badness 10000) in paragraph at lines 215--475

 []


Underfull \hbox (badness 10000) in paragraph at lines 215--475

 []


Underfull \hbox (badness 10000) in paragraph at lines 215--475

 []


Underfull \hbox (badness 10000) in paragraph at lines 215--475

 []


Underfull \hbox (badness 10000) in paragraph at lines 215--475

 []


Underfull \hbox (badness 10000) in paragraph at lines 215--475

 []


Underfull \hbox (badness 10000) in paragraph at lines 215--475

 []


Underfull \hbox (badness 10000) in paragraph at lines 215--475

 []


Underfull \hbox (badness 10000) in paragraph at lines 215--475

 []


Underfull \hbox (badness 10000) in paragraph at lines 215--475

 []


Underfull \hbox (badness 10000) in paragraph at lines 215--475

 []


Underfull \hbox (badness 10000) in paragraph at lines 215--475

 []


Underfull \hbox (badness 10000) in paragraph at lines 215--475

 []


Underfull \hbox (badness 10000) in paragraph at lines 215--475

 []


Underfull \hbox (badness 10000) in paragraph at lines 215--475

 []


Underfull \hbox (badness 10000) in paragraph at lines 215--475

 []


Underfull \hbox (badness 10000) in paragraph at lines 215--475

 []


Underfull \hbox (badness 10000) in paragraph at lines 215--475

 []


Underfull \hbox (badness 10000) in paragraph at lines 215--475

 []


Underfull \hbox (badness 10000) in paragraph at lines 215--475

 []


Underfull \hbox (badness 10000) in paragraph at lines 215--475

 []


Underfull \hbox (badness 10000) in paragraph at lines 215--475

 []


Underfull \hbox (badness 10000) in paragraph at lines 215--475

 []


Underfull \hbox (badness 10000) in paragraph at lines 215--475

 []


Underfull \hbox (badness 10000) in paragraph at lines 215--475

 []


Underfull \hbox (badness 10000) in paragraph at lines 215--475

 []


Underfull \hbox (badness 10000) in paragraph at lines 215--475

 []


Underfull \hbox (badness 10000) in paragraph at lines 215--475

 []


Underfull \hbox (badness 10000) in paragraph at lines 215--475

 []


Underfull \hbox (badness 10000) in paragraph at lines 215--475

 []


Underfull \hbox (badness 10000) in paragraph at lines 215--475

 []


Underfull \hbox (badness 10000) in paragraph at lines 215--475

 []


Underfull \hbox (badness 10000) in paragraph at lines 215--475

 []


Underfull \hbox (badness 10000) in paragraph at lines 215--475

 []


Underfull \hbox (badness 10000) in paragraph at lines 215--475

 []


Underfull \hbox (badness 10000) in paragraph at lines 215--475

 []


Underfull \hbox (badness 10000) in paragraph at lines 215--475

 []


Underfull \hbox (badness 10000) in paragraph at lines 215--475

 []


Underfull \hbox (badness 10000) in paragraph at lines 215--475

 []


Underfull \hbox (badness 10000) in paragraph at lines 215--475

 []


Underfull \hbox (badness 10000) in paragraph at lines 215--475

 []


Underfull \hbox (badness 10000) in paragraph at lines 215--475

 []


Underfull \hbox (badness 10000) in paragraph at lines 215--475

 []


Underfull \hbox (badness 10000) in paragraph at lines 215--475

 []


Underfull \hbox (badness 10000) in paragraph at lines 215--475

 []


Underfull \hbox (badness 10000) in paragraph at lines 215--475

 []


Underfull \hbox (badness 10000) in paragraph at lines 215--475

 []


Underfull \hbox (badness 10000) in paragraph at lines 215--475

 []


Underfull \hbox (badness 10000) in paragraph at lines 215--475

 []


Underfull \hbox (badness 10000) in paragraph at lines 215--475

 []


Underfull \hbox (badness 10000) in paragraph at lines 215--475

 []


Underfull \hbox (badness 10000) in paragraph at lines 215--475

 []


Underfull \hbox (badness 10000) in paragraph at lines 215--475

 []


Underfull \hbox (badness 10000) in paragraph at lines 215--475

 []


Underfull \hbox (badness 10000) in paragraph at lines 215--475

 []


Underfull \hbox (badness 10000) in paragraph at lines 215--475

 []


Underfull \hbox (badness 10000) in paragraph at lines 215--475

 []


Underfull \hbox (badness 10000) in paragraph at lines 215--475

 []


Underfull \hbox (badness 10000) in paragraph at lines 215--475

 []


Underfull \hbox (badness 10000) in paragraph at lines 215--475

 []


Underfull \hbox (badness 10000) in paragraph at lines 215--475

 []


Underfull \hbox (badness 10000) in paragraph at lines 215--475

 []


Underfull \hbox (badness 10000) in paragraph at lines 215--475

 []


Underfull \hbox (badness 10000) in paragraph at lines 215--475

 []


Underfull \hbox (badness 10000) in paragraph at lines 215--475

 []


Underfull \hbox (badness 10000) in paragraph at lines 215--475

 []


Underfull \hbox (badness 10000) in paragraph at lines 215--475

 []


Underfull \hbox (badness 10000) in paragraph at lines 215--475

 []


Underfull \hbox (badness 10000) in paragraph at lines 215--475

 []


Underfull \hbox (badness 10000) in paragraph at lines 215--475

 []


Underfull \hbox (badness 10000) in paragraph at lines 215--475

 []


Underfull \hbox (badness 10000) in paragraph at lines 215--475

 []


Underfull \hbox (badness 10000) in paragraph at lines 215--475

 []


Underfull \hbox (badness 10000) in paragraph at lines 215--475

 []


Underfull \hbox (badness 10000) in paragraph at lines 215--475

 []


Underfull \hbox (badness 10000) in paragraph at lines 215--475

 []


Underfull \hbox (badness 10000) in paragraph at lines 215--475

 []


Underfull \hbox (badness 10000) in paragraph at lines 215--475

 []


Underfull \hbox (badness 10000) in paragraph at lines 215--475

 []


Underfull \hbox (badness 10000) in paragraph at lines 215--475

 []


Underfull \hbox (badness 10000) in paragraph at lines 215--475

 []


Underfull \hbox (badness 10000) in paragraph at lines 215--475

 []


Underfull \hbox (badness 10000) in paragraph at lines 215--475

 []


Underfull \hbox (badness 10000) in paragraph at lines 215--475

 []


Underfull \hbox (badness 10000) in paragraph at lines 215--475

 []


Underfull \hbox (badness 10000) in paragraph at lines 215--475

 []


Underfull \hbox (badness 10000) in paragraph at lines 215--475

 []


Underfull \hbox (badness 10000) in paragraph at lines 215--475

 []


Underfull \hbox (badness 10000) in paragraph at lines 215--475

 []


Underfull \hbox (badness 10000) in paragraph at lines 215--475

 []


Underfull \hbox (badness 10000) in paragraph at lines 215--475

 []


Underfull \hbox (badness 10000) in paragraph at lines 215--475

 []


Underfull \hbox (badness 10000) in paragraph at lines 215--475

 []


Underfull \hbox (badness 10000) in paragraph at lines 215--475

 []

[10] [11] [12] [13] [14] [15] [16] [17] (./awkward-state-machines.aux) ) 
Here is how much of TeX's memory you used:
 327 strings out of 492982
 3972 string characters out of 6134897
 86883 words of memory out of 5000000
 3951 multiletter control sequences out of 15000+600000
 12443 words of font info for 48 fonts, out of 8000000 for 9000
 1141 hyphenation exceptions out of 8191
 22i,6n,24p,1185b,190s stack positions out of 5000i,500n,10000p,200000b,80000s
</usr/s
hare/texlive/texmf-dist/fonts/type1/public/amsfonts/cm/cmbx12.pfb></usr/share/t
exlive/texmf-dist/fonts/type1/public/amsfonts/cm/cmex10.pfb></usr/share/texlive
/texmf-dist/fonts/type1/public/amsfonts/cm/cmmi12.pfb></usr/share/texlive/texmf
-dist/fonts/type1/public/amsfonts/cm/cmmi8.pfb></usr/share/texlive/texmf-dist/f
onts/type1/public/amsfonts/cm/cmr12.pfb></usr/share/texlive/texmf-dist/fonts/ty
pe1/public/amsfonts/cm/cmr17.pfb></usr/share/texlive/texmf-dist/fonts/type1/pub
lic/amsfonts/cm/cmr8.pfb></usr/share/texlive/texmf-dist/fonts/type1/public/amsf
onts/cm/cmsy10.pfb></usr/share/texlive/texmf-dist/fonts/type1/public/amsfonts/c
m/cmsy8.pfb></usr/share/texlive/texmf-dist/fonts/type1/public/amsfonts/cm/cmti1
2.pfb>
Output written on awkward-state-machines.pdf (17 pages, 150607 bytes).
PDF statistics:
 99 PDF objects out of 1000 (max. 8388607)
 69 compressed objects within 1 object stream
 0 named destinations out of 1000 (max. 500000)
 1 words of extra memory for PDF output out of 10000 (max. 10000000)

